  net_serial.cpp
D:\C++ exercise\Rplidar\rplidar_driver\sdk\include\rplidar_protocol.h(59,16): warning C4200: 使用了非标准扩展: 结构/联合中的零大小数组
D:\C++ exercise\Rplidar\rplidar_driver\sdk\include\rplidar_protocol.h(59,16): message : 默认构造函数或 copy/move 赋值运算符将忽略此成员
D:\C++ exercise\Rplidar\rplidar_driver\sdk\include\rplidar_cmd.h(260,20): warning C4200: 使用了非标准扩展: 结构/联合中的零大小数组
D:\C++ exercise\Rplidar\rplidar_driver\sdk\include\rplidar_cmd.h(260,20): message : 默认构造函数或 copy/move 赋值运算符将忽略此成员
  net_socket.cpp
D:\C++ exercise\Rplidar\rplidar_driver\sdk\include\rplidar_protocol.h(59,16): warning C4200: 使用了非标准扩展: 结构/联合中的零大小数组
D:\C++ exercise\Rplidar\rplidar_driver\sdk\include\rplidar_protocol.h(59,16): message : 默认构造函数或 copy/move 赋值运算符将忽略此成员
D:\C++ exercise\Rplidar\rplidar_driver\sdk\include\rplidar_cmd.h(260,20): warning C4200: 使用了非标准扩展: 结构/联合中的零大小数组
D:\C++ exercise\Rplidar\rplidar_driver\sdk\include\rplidar_cmd.h(260,20): message : 默认构造函数或 copy/move 赋值运算符将忽略此成员
  timer.cpp
D:\C++ exercise\Rplidar\rplidar_driver\sdk\include\rplidar_protocol.h(59,16): warning C4200: 使用了非标准扩展: 结构/联合中的零大小数组
D:\C++ exercise\Rplidar\rplidar_driver\sdk\include\rplidar_protocol.h(59,16): message : 默认构造函数或 copy/move 赋值运算符将忽略此成员
D:\C++ exercise\Rplidar\rplidar_driver\sdk\include\rplidar_cmd.h(260,20): warning C4200: 使用了非标准扩展: 结构/联合中的零大小数组
D:\C++ exercise\Rplidar\rplidar_driver\sdk\include\rplidar_cmd.h(260,20): message : 默认构造函数或 copy/move 赋值运算符将忽略此成员
  thread.cpp
D:\C++ exercise\Rplidar\rplidar_driver\sdk\include\rplidar_protocol.h(59,16): warning C4200: 使用了非标准扩展: 结构/联合中的零大小数组
D:\C++ exercise\Rplidar\rplidar_driver\sdk\include\rplidar_protocol.h(59,16): message : 默认构造函数或 copy/move 赋值运算符将忽略此成员
D:\C++ exercise\Rplidar\rplidar_driver\sdk\include\rplidar_cmd.h(260,20): warning C4200: 使用了非标准扩展: 结构/联合中的零大小数组
D:\C++ exercise\Rplidar\rplidar_driver\sdk\include\rplidar_cmd.h(260,20): message : 默认构造函数或 copy/move 赋值运算符将忽略此成员
  rplidar_driver.cpp
D:\C++ exercise\Rplidar\rplidar_driver\sdk\include\rplidar_protocol.h(59,16): warning C4200: 使用了非标准扩展: 结构/联合中的零大小数组
D:\C++ exercise\Rplidar\rplidar_driver\sdk\include\rplidar_protocol.h(59,16): message : 默认构造函数或 copy/move 赋值运算符将忽略此成员
D:\C++ exercise\Rplidar\rplidar_driver\sdk\include\rplidar_cmd.h(260,20): warning C4200: 使用了非标准扩展: 结构/联合中的零大小数组
D:\C++ exercise\Rplidar\rplidar_driver\sdk\include\rplidar_cmd.h(260,20): message : 默认构造函数或 copy/move 赋值运算符将忽略此成员
D:\C++ exercise\Rplidar\rplidar_driver\sdk\src\rplidar_driver.cpp(2031,35): warning C4267: “初始化”: 从“size_t”转换到“_u8”，可能丢失数据
  正在生成代码...
D:\C++ exercise\Rplidar\rplidar_driver\sdk\src\rplidar_driver.cpp(2193): warning C4715: “rp::standalone::rplidar::RPlidarDriverImplCommon::startMotor”: 不是所有的控件路径都返回值
  rplidar_driver.vcxproj -> D:\C++ exercise\Rplidar\Debug\rplidar_driver.lib
